This file contains any messages produced by compilers while
running configure, to aid debugging if configure makes a mistake.

It was created by configure, which was
generated by GNU Autoconf 2.69.  Invocation command line was

  $ ./configure 

## --------- ##
## Platform. ##
## --------- ##

hostname = tucana2.tuc.noao.edu
uname -m = x86_64
uname -r = 2.6.32-504.1.3.el6.x86_64
uname -s = Linux
uname -v = #1 SMP Tue Nov 11 14:19:04 CST 2014

/usr/bin/uname -p = unknown
/bin/uname -X     = unknown

/bin/arch              = x86_64
/usr/bin/arch -k       = unknown
/usr/convex/getsysinfo = unknown
/usr/bin/hostinfo      = unknown
/bin/machine           = unknown
/usr/bin/oslevel       = unknown
/bin/universe          = unknown

PATH: /home/fitz/.iraf/bin
PATH: .
PATH: /home/fitz/bin
PATH: /usr/local/bin
PATH: /sbin
PATH: /usr/java/latest/bin
PATH: /usr/sbin
PATH: /usr/bin/X11
PATH: /etc/
PATH: usr/etc
PATH: /usr/lib
PATH: /home/fitz/.iraf/bin
PATH: .
PATH: /home/fitz/bin
PATH: /usr/local/bin
PATH: /sbin
PATH: /usr/java/latest/bin
PATH: /usr/sbin
PATH: /usr/bin/X11
PATH: /etc/
PATH: usr/etc
PATH: /usr/lib
PATH: /home/fitz/.iraf/bin
PATH: .
PATH: /home/fitz/bin
PATH: /usr/local/bin
PATH: /sbin
PATH: /usr/java/latest/bin
PATH: /usr/sbin
PATH: /usr/bin/X11
PATH: /etc/
PATH: usr/etc
PATH: /usr/lib
PATH: /home/fitz/.iraf/bin
PATH: .
PATH: /home/fitz/bin
PATH: /usr/local/bin
PATH: /sbin
PATH: /usr/java/latest/bin
PATH: /usr/sbin
PATH: /usr/bin/X11
PATH: /etc/
PATH: usr/etc
PATH: /usr/lib
PATH: /usr/lib64/qt-3.3/bin
PATH: /usr/local/bin
PATH: /bin
PATH: /usr/bin
PATH: /home/fitz/dhs
PATH: /home/fitz/dhs/bin
PATH: /home/fitz/dhs
PATH: /home/fitz/dhs/bin
PATH: /home/fitz/dhs
PATH: /home/fitz/dhs/bin


## ----------- ##
## Core tests. ##
## ----------- ##

configure:2181: checking build system type
configure:2195: result: x86_64-pc-linux-gnu
configure:2215: checking host system type
configure:2228: result: x86_64-pc-linux-gnu
configure:2248: checking target system type
configure:2261: result: x86_64-pc-linux-gnu
configure:2399: checking for gcc
configure:2426: result: gcc
configure:2655: checking for C compiler version
configure:2664: gcc --version >&5
gcc (GCC) 4.4.7 20120313 (Red Hat 4.4.7-23)
Copyright (C) 2010 Free Software Foundation, Inc.
This is free software; see the source for copying conditions.  There is NO
warranty; not even for MERCHANTABILITY or FITNESS FOR A PARTICULAR PURPOSE.

configure:2675: $? = 0
configure:2664: gcc -v >&5
Using built-in specs.
Target: x86_64-redhat-linux
Configured with: ../configure --prefix=/usr --mandir=/usr/share/man --infodir=/usr/share/info --with-bugurl=http://bugzilla.redhat.com/bugzilla --enable-bootstrap --enable-shared --enable-threads=posix --enable-checking=release --with-system-zlib --enable-__cxa_atexit --disable-libunwind-exceptions --enable-gnu-unique-object --enable-languages=c,c++,objc,obj-c++,java,fortran,ada --enable-java-awt=gtk --disable-dssi --with-java-home=/usr/lib/jvm/java-1.5.0-gcj-1.5.0.0/jre --enable-libgcj-multifile --enable-java-maintainer-mode --with-ecj-jar=/usr/share/java/eclipse-ecj.jar --disable-libjava-multilib --with-ppl --with-cloog --with-tune=generic --with-arch_32=i686 --build=x86_64-redhat-linux
Thread model: posix
gcc version 4.4.7 20120313 (Red Hat 4.4.7-23) (GCC) 
configure:2675: $? = 0
configure:2664: gcc -V >&5
gcc: '-V' option must have argument
configure:2675: $? = 1
configure:2664: gcc -qversion >&5
gcc: unrecognized option '-qversion'
gcc: no input files
configure:2675: $? = 1
configure:2695: checking whether the C compiler works
configure:2717: gcc    conftest.c  >&5
configure:2721: $? = 0
configure:2769: result: yes
configure:2772: checking for C compiler default output file name
configure:2774: result: a.out
configure:2780: checking for suffix of executables
configure:2787: gcc -o conftest    conftest.c  >&5
configure:2791: $? = 0
configure:2813: result: 
configure:2835: checking whether we are cross compiling
configure:2843: gcc -o conftest    conftest.c  >&5
configure:2847: $? = 0
configure:2854: ./conftest
configure:2858: $? = 0
configure:2873: result: no
configure:2878: checking for suffix of object files
configure:2900: gcc -c   conftest.c >&5
configure:2904: $? = 0
configure:2925: result: o
configure:2929: checking whether we are using the GNU C compiler
configure:2948: gcc -c   conftest.c >&5
configure:2948: $? = 0
configure:2957: result: yes
configure:2966: checking whether gcc accepts -g
configure:2986: gcc -c -g  conftest.c >&5
configure:2986: $? = 0
configure:3027: result: yes
configure:3044: checking for gcc option to accept ISO C89
configure:3107: gcc  -c -g -O2  conftest.c >&5
configure:3107: $? = 0
configure:3120: result: none needed
configure:3146: checking how to run the C preprocessor
configure:3177: gcc -E  conftest.c
configure:3177: $? = 0
configure:3191: gcc -E  conftest.c
conftest.c:9:28: error: ac_nonexistent.h: No such file or directory
configure:3191: $? = 1
configure: failed program was:
| /* confdefs.h */
| #define PACKAGE_NAME ""
| #define PACKAGE_TARNAME ""
| #define PACKAGE_VERSION ""
| #define PACKAGE_STRING ""
| #define PACKAGE_BUGREPORT ""
| #define PACKAGE_URL ""
| /* end confdefs.h.  */
| #include <ac_nonexistent.h>
configure:3216: result: gcc -E
configure:3236: gcc -E  conftest.c
configure:3236: $? = 0
configure:3250: gcc -E  conftest.c
conftest.c:9:28: error: ac_nonexistent.h: No such file or directory
configure:3250: $? = 1
configure: failed program was:
| /* confdefs.h */
| #define PACKAGE_NAME ""
| #define PACKAGE_TARNAME ""
| #define PACKAGE_VERSION ""
| #define PACKAGE_STRING ""
| #define PACKAGE_BUGREPORT ""
| #define PACKAGE_URL ""
| /* end confdefs.h.  */
| #include <ac_nonexistent.h>
configure:3279: checking for grep that handles long lines and -e
configure:3337: result: /bin/grep
configure:3342: checking for egrep
configure:3404: result: /bin/grep -E
configure:3409: checking for ANSI C header files
configure:3429: gcc -c -g -O2  conftest.c >&5
configure:3429: $? = 0
configure:3502: gcc -o conftest -g -O2   conftest.c  >&5
configure:3502: $? = 0
configure:3502: ./conftest
configure:3502: $? = 0
configure:3513: result: yes
configure:3526: checking for sys/types.h
configure:3526: gcc -c -g -O2  conftest.c >&5
configure:3526: $? = 0
configure:3526: result: yes
configure:3526: checking for sys/stat.h
configure:3526: gcc -c -g -O2  conftest.c >&5
configure:3526: $? = 0
configure:3526: result: yes
configure:3526: checking for stdlib.h
configure:3526: gcc -c -g -O2  conftest.c >&5
configure:3526: $? = 0
configure:3526: result: yes
configure:3526: checking for string.h
configure:3526: gcc -c -g -O2  conftest.c >&5
configure:3526: $? = 0
configure:3526: result: yes
configure:3526: checking for memory.h
configure:3526: gcc -c -g -O2  conftest.c >&5
configure:3526: $? = 0
configure:3526: result: yes
configure:3526: checking for strings.h
configure:3526: gcc -c -g -O2  conftest.c >&5
configure:3526: $? = 0
configure:3526: result: yes
configure:3526: checking for inttypes.h
configure:3526: gcc -c -g -O2  conftest.c >&5
configure:3526: $? = 0
configure:3526: result: yes
configure:3526: checking for stdint.h
configure:3526: gcc -c -g -O2  conftest.c >&5
configure:3526: $? = 0
configure:3526: result: yes
configure:3526: checking for unistd.h
configure:3526: gcc -c -g -O2  conftest.c >&5
configure:3526: $? = 0
configure:3526: result: yes
configure:3815: checking for gcc
configure:3842: result: gcc
configure:4071: checking for C compiler version
configure:4080: gcc --version >&5
gcc (GCC) 4.4.7 20120313 (Red Hat 4.4.7-23)
Copyright (C) 2010 Free Software Foundation, Inc.
This is free software; see the source for copying conditions.  There is NO
warranty; not even for MERCHANTABILITY or FITNESS FOR A PARTICULAR PURPOSE.

configure:4091: $? = 0
configure:4080: gcc -v >&5
Using built-in specs.
Target: x86_64-redhat-linux
Configured with: ../configure --prefix=/usr --mandir=/usr/share/man --infodir=/usr/share/info --with-bugurl=http://bugzilla.redhat.com/bugzilla --enable-bootstrap --enable-shared --enable-threads=posix --enable-checking=release --with-system-zlib --enable-__cxa_atexit --disable-libunwind-exceptions --enable-gnu-unique-object --enable-languages=c,c++,objc,obj-c++,java,fortran,ada --enable-java-awt=gtk --disable-dssi --with-java-home=/usr/lib/jvm/java-1.5.0-gcj-1.5.0.0/jre --enable-libgcj-multifile --enable-java-maintainer-mode --with-ecj-jar=/usr/share/java/eclipse-ecj.jar --disable-libjava-multilib --with-ppl --with-cloog --with-tune=generic --with-arch_32=i686 --build=x86_64-redhat-linux
Thread model: posix
gcc version 4.4.7 20120313 (Red Hat 4.4.7-23) (GCC) 
configure:4091: $? = 0
configure:4080: gcc -V >&5
gcc: '-V' option must have argument
configure:4091: $? = 1
configure:4080: gcc -qversion >&5
gcc: unrecognized option '-qversion'
gcc: no input files
configure:4091: $? = 1
configure:4095: checking whether we are using the GNU C compiler
configure:4123: result: yes
configure:4132: checking whether gcc accepts -g
configure:4193: result: yes
configure:4210: checking for gcc option to accept ISO C89
configure:4286: result: none needed
configure:4321: checking for gfortran
configure:4337: found /usr/bin/gfortran
configure:4348: result: gfortran
configure:4393: checking for ar
configure:4409: found /usr/bin/ar
configure:4421: result: ar
configure:4478: checking for ranlib
configure:4505: result: ranlib
configure:4531: checking for stdlib.h
configure:4531: result: yes
configure:4531: checking for string.h
configure:4531: result: yes
configure:4531: checking math.h usability
configure:4531: gcc -c -g -O2  conftest.c >&5
configure:4531: $? = 0
configure:4531: result: yes
configure:4531: checking math.h presence
configure:4531: gcc -E  conftest.c
configure:4531: $? = 0
configure:4531: result: yes
configure:4531: checking for math.h
configure:4531: result: yes
configure:4531: checking limits.h usability
configure:4531: gcc -c -g -O2  conftest.c >&5
configure:4531: $? = 0
configure:4531: result: yes
configure:4531: checking limits.h presence
configure:4531: gcc -E  conftest.c
configure:4531: $? = 0
configure:4531: result: yes
configure:4531: checking for limits.h
configure:4531: result: yes
configure:4554: gcc -c -g -O2  conftest.c >&5
configure:4554: $? = 0
configure:4894: checking for curl-config
configure:4910: found /usr/bin/curl-config
configure:4921: result: curl-config
configure:4979: checking whether ftruncate works
configure:4995: gcc -o conftest -g -O2 -Dg77Fortran -fPIC  -g -O2 conftest.c  >&5
configure:4995: $? = 0
configure:4999: result: yes
configure:5013: checking whether long long is defined
configure:5029: gcc -c -g -O2 -Dg77Fortran -fPIC  conftest.c >&5
configure:5029: $? = 0
configure:5033: result: yes
configure:5054: checking whether system V style IPC services are supported
configure:5075: gcc -o conftest -g -O2 -Dg77Fortran -fPIC  -g -O2 conftest.c  >&5
configure:5075: $? = 0
configure:5080: result: yes
configure:5096: checking whether flock_t is defined in sys/fcntl.h
configure:5112: gcc -c -g -O2 -Dg77Fortran -fPIC  conftest.c >&5
conftest.c: In function 'main':
conftest.c:35: error: 'flock_t' undeclared (first use in this function)
conftest.c:35: error: (Each undeclared identifier is reported only once
conftest.c:35: error: for each function it appears in.)
conftest.c:35: error: expected ';' before 'filler'
configure:5112: $? = 1
configure: failed program was:
| /* confdefs.h */
| #define PACKAGE_NAME ""
| #define PACKAGE_TARNAME ""
| #define PACKAGE_VERSION ""
| #define PACKAGE_STRING ""
| #define PACKAGE_BUGREPORT ""
| #define PACKAGE_URL ""
| #define STDC_HEADERS 1
| #define HAVE_SYS_TYPES_H 1
| #define HAVE_SYS_STAT_H 1
| #define HAVE_STDLIB_H 1
| #define HAVE_STRING_H 1
| #define HAVE_MEMORY_H 1
| #define HAVE_STRINGS_H 1
| #define HAVE_INTTYPES_H 1
| #define HAVE_STDINT_H 1
| #define HAVE_UNISTD_H 1
| #define HAVE_STDLIB_H 1
| #define HAVE_STRING_H 1
| #define HAVE_MATH_H 1
| #define HAVE_LIMITS_H 1
| #define _LARGEFILE_SOURCE 1
| #define _FILE_OFFSET_BITS 64
| #define CFITSIO_HAVE_CURL 1
| #define HAVE_FTRUNCATE 1
| #define HAVE_LONGLONG 1
| #define HAVE_SHMEM_SERVICES 1
| /* end confdefs.h.  */
| #include <sys/fcntl.h>
| 
| int
| main ()
| {
| 
| flock_t filler;
| 
|   ;
|   return 0;
| }
configure:5120: result: no
configure:5126: checking whether flock_t is defined in sys/flock.h
configure:5142: gcc -c -g -O2 -Dg77Fortran -fPIC  conftest.c >&5
conftest.c:29:23: error: sys/flock.h: No such file or directory
conftest.c: In function 'main':
conftest.c:35: error: 'flock_t' undeclared (first use in this function)
conftest.c:35: error: (Each undeclared identifier is reported only once
conftest.c:35: error: for each function it appears in.)
conftest.c:35: error: expected ';' before 'filler'
configure:5142: $? = 1
configure: failed program was:
| /* confdefs.h */
| #define PACKAGE_NAME ""
| #define PACKAGE_TARNAME ""
| #define PACKAGE_VERSION ""
| #define PACKAGE_STRING ""
| #define PACKAGE_BUGREPORT ""
| #define PACKAGE_URL ""
| #define STDC_HEADERS 1
| #define HAVE_SYS_TYPES_H 1
| #define HAVE_SYS_STAT_H 1
| #define HAVE_STDLIB_H 1
| #define HAVE_STRING_H 1
| #define HAVE_MEMORY_H 1
| #define HAVE_STRINGS_H 1
| #define HAVE_INTTYPES_H 1
| #define HAVE_STDINT_H 1
| #define HAVE_UNISTD_H 1
| #define HAVE_STDLIB_H 1
| #define HAVE_STRING_H 1
| #define HAVE_MATH_H 1
| #define HAVE_LIMITS_H 1
| #define _LARGEFILE_SOURCE 1
| #define _FILE_OFFSET_BITS 64
| #define CFITSIO_HAVE_CURL 1
| #define HAVE_FTRUNCATE 1
| #define HAVE_LONGLONG 1
| #define HAVE_SHMEM_SERVICES 1
| /* end confdefs.h.  */
| #include <sys/flock.h>
| 
| int
| main ()
| {
| 
|    flock_t filler;
| 
|   ;
|   return 0;
| }
configure:5150: result: no
configure:5218: checking whether union semun is defined
configure:5236: gcc -c -g -O2 -Dg77Fortran -fPIC  conftest.c >&5
conftest.c: In function 'main':
conftest.c:37: error: storage size of 'filler' isn't known
configure:5236: $? = 1
configure: failed program was:
| /* confdefs.h */
| #define PACKAGE_NAME ""
| #define PACKAGE_TARNAME ""
| #define PACKAGE_VERSION ""
| #define PACKAGE_STRING ""
| #define PACKAGE_BUGREPORT ""
| #define PACKAGE_URL ""
| #define STDC_HEADERS 1
| #define HAVE_SYS_TYPES_H 1
| #define HAVE_SYS_STAT_H 1
| #define HAVE_STDLIB_H 1
| #define HAVE_STRING_H 1
| #define HAVE_MEMORY_H 1
| #define HAVE_STRINGS_H 1
| #define HAVE_INTTYPES_H 1
| #define HAVE_STDINT_H 1
| #define HAVE_UNISTD_H 1
| #define HAVE_STDLIB_H 1
| #define HAVE_STRING_H 1
| #define HAVE_MATH_H 1
| #define HAVE_LIMITS_H 1
| #define _LARGEFILE_SOURCE 1
| #define _FILE_OFFSET_BITS 64
| #define CFITSIO_HAVE_CURL 1
| #define HAVE_FTRUNCATE 1
| #define HAVE_LONGLONG 1
| #define HAVE_SHMEM_SERVICES 1
| /* end confdefs.h.  */
| #include <sys/ipc.h>
| #include <sys/shm.h>
| #include <sys/sem.h>
| 
| int
| main ()
| {
| 
| union semun filler;
| 
|   ;
|   return 0;
| }
configure:5244: result: no
configure:5253: checking for fmemopen
configure:5253: gcc -o conftest -g -O2 -Dg77Fortran -fPIC  -g -O2 conftest.c  >&5
configure:5253: $? = 0
configure:5253: result: yes
configure:5266: checking for library containing gethostbyname
configure:5297: gcc -o conftest -g -O2 -Dg77Fortran -fPIC  -g -O2 conftest.c  >&5
configure:5297: $? = 0
configure:5314: result: none required
configure:5324: checking for library containing connect
configure:5355: gcc -o conftest -g -O2 -Dg77Fortran -fPIC  -g -O2 conftest.c  >&5
configure:5355: $? = 0
configure:5372: result: none required
configure:5542: creating ./config.status

## ---------------------- ##
## Running config.status. ##
## ---------------------- ##

This file was extended by config.status, which was
generated by GNU Autoconf 2.69.  Invocation command line was

  CONFIG_FILES    = 
  CONFIG_HEADERS  = 
  CONFIG_LINKS    = 
  CONFIG_COMMANDS = 
  $ ./config.status 

on tucana2.tuc.noao.edu

config.status:758: creating Makefile
configure:6699: creating ./config.status

## ---------------------- ##
## Running config.status. ##
## ---------------------- ##

This file was extended by config.status, which was
generated by GNU Autoconf 2.69.  Invocation command line was

  CONFIG_FILES    = 
  CONFIG_HEADERS  = 
  CONFIG_LINKS    = 
  CONFIG_COMMANDS = 
  $ ./config.status 

on tucana2.tuc.noao.edu

config.status:759: creating Makefile
config.status:759: creating cfitsio.pc
configure:7707: result: 
configure:7709: result:     Congratulations, Makefile update was successful.
configure:7711: result:     You may want to run "make" now.
configure:7713: result: 

## ---------------- ##
## Cache variables. ##
## ---------------- ##

ac_cv_build=x86_64-pc-linux-gnu
ac_cv_c_compiler_gnu=yes
ac_cv_env_CC_set=set
ac_cv_env_CC_value=gcc
ac_cv_env_CFLAGS_set=
ac_cv_env_CFLAGS_value=
ac_cv_env_CPPFLAGS_set=
ac_cv_env_CPPFLAGS_value=
ac_cv_env_CPP_set=
ac_cv_env_CPP_value=
ac_cv_env_LDFLAGS_set=
ac_cv_env_LDFLAGS_value=
ac_cv_env_LIBS_set=
ac_cv_env_LIBS_value=
ac_cv_env_build_alias_set=
ac_cv_env_build_alias_value=
ac_cv_env_host_alias_set=
ac_cv_env_host_alias_value=
ac_cv_env_target_alias_set=
ac_cv_env_target_alias_value=
ac_cv_func_fmemopen=yes
ac_cv_header_inttypes_h=yes
ac_cv_header_limits_h=yes
ac_cv_header_math_h=yes
ac_cv_header_memory_h=yes
ac_cv_header_stdc=yes
ac_cv_header_stdint_h=yes
ac_cv_header_stdlib_h=yes
ac_cv_header_string_h=yes
ac_cv_header_strings_h=yes
ac_cv_header_sys_stat_h=yes
ac_cv_header_sys_types_h=yes
ac_cv_header_unistd_h=yes
ac_cv_host=x86_64-pc-linux-gnu
ac_cv_objext=o
ac_cv_path_EGREP='/bin/grep -E'
ac_cv_path_GREP=/bin/grep
ac_cv_prog_AR=ar
ac_cv_prog_CPP='gcc -E'
ac_cv_prog_CURLCONFIG=curl-config
ac_cv_prog_FC=gfortran
ac_cv_prog_ac_ct_CC=gcc
ac_cv_prog_ac_ct_RANLIB=ranlib
ac_cv_prog_cc_c89=
ac_cv_prog_cc_g=yes
ac_cv_search_connect='none required'
ac_cv_search_gethostbyname='none required'
ac_cv_target=x86_64-pc-linux-gnu

## ----------------- ##
## Output variables. ##
## ----------------- ##

AR='ar'
ARCH='linux'
ARCHIVE='ar rv'
CC='gcc'
CFITSIO_MAJOR='3'
CFITSIO_MINOR='49'
CFITSIO_SHLIB='lib${PACKAGE}${SHLIB_SUFFIX}.${CFITSIO_SONAME}.${CFITSIO_MAJOR}.${CFITSIO_MINOR}'
CFITSIO_SHLIB_SONAME='lib${PACKAGE}${SHLIB_SUFFIX}.${CFITSIO_SONAME}'
CFITSIO_SONAME='9'
CFLAGS='-g -O2 -Dg77Fortran -fPIC'
CPP='gcc -E'
CPPFLAGS=''
CURLCONFIG='curl-config'
DEFS='-DPACKAGE_NAME=\"\" -DPACKAGE_TARNAME=\"\" -DPACKAGE_VERSION=\"\" -DPACKAGE_STRING=\"\" -DPACKAGE_BUGREPORT=\"\" -DPACKAGE_URL=\"\" -DSTDC_HEADERS=1 -DHAVE_SYS_TYPES_H=1 -DHAVE_SYS_STAT_H=1 -DHAVE_STDLIB_H=1 -DHAVE_STRING_H=1 -DHAVE_MEMORY_H=1 -DHAVE_STRINGS_H=1 -DHAVE_INTTYPES_H=1 -DHAVE_STDINT_H=1 -DHAVE_UNISTD_H=1 -DHAVE_STDLIB_H=1 -DHAVE_STRING_H=1 -DHAVE_MATH_H=1 -DHAVE_LIMITS_H=1 -D_LARGEFILE_SOURCE=1 -D_FILE_OFFSET_BITS=64 -DCFITSIO_HAVE_CURL=1 -DHAVE_FTRUNCATE=1 -DHAVE_LONGLONG=1 -DHAVE_SHMEM_SERVICES=1 -DHAVE_FMEMOPEN=1 -DHAVE_NET_SERVICES=1'
ECHO_C=''
ECHO_N='-n'
ECHO_T=''
EGREP='/bin/grep -E'
EXEEXT=''
F77_WRAPPERS='${FITSIO_SRC}'
FC='gfortran'
GCCVERSION='4.4.7'
GREP='/bin/grep'
GSIFTP_SRC=''
INSTALL_ROOT='${prefix}'
LDFLAGS='-g -O2'
LDFLAGS_BIN='-g -O2 -Wl,-rpath,${CFITSIO_LIB}'
LIBOBJS=''
LIBPRE=''
LIBS=''
LIBS_CURL='-lcurl  '
LTLIBOBJS=''
OBJEXT='o'
PACKAGE_BUGREPORT=''
PACKAGE_NAME=''
PACKAGE_STRING=''
PACKAGE_TARNAME=''
PACKAGE_URL=''
PACKAGE_VERSION=''
PATH_SEPARATOR=':'
RANLIB='ranlib'
SHELL='/bin/sh'
SHLIB_LD='gcc -shared -Wl,-soname,lib${PACKAGE}${SHLIB_SUFFIX}.${CFITSIO_SONAME}'
SHLIB_SUFFIX='.so'
SSE_FLAGS=''
ac_ct_CC='gcc'
bindir='${exec_prefix}/bin'
build='x86_64-pc-linux-gnu'
build_alias=''
build_cpu='x86_64'
build_os='linux-gnu'
build_vendor='pc'
datadir='${datarootdir}'
datarootdir='${prefix}/share'
docdir='${datarootdir}/doc/${PACKAGE}'
dvidir='${docdir}'
exec_prefix='${prefix}'
host='x86_64-pc-linux-gnu'
host_alias=''
host_cpu='x86_64'
host_os='linux-gnu'
host_vendor='pc'
htmldir='${docdir}'
includedir='${prefix}/include'
infodir='${datarootdir}/info'
libdir='${exec_prefix}/lib'
libexecdir='${exec_prefix}/libexec'
localedir='${datarootdir}/locale'
localstatedir='${prefix}/var'
mandir='${datarootdir}/man'
my_shmem='${SOURCES_SHMEM}'
oldincludedir='/usr/include'
pdfdir='${docdir}'
prefix='/home/fitz/extern/fitsutil/lib/cfitsio'
program_transform_name='s,x,x,'
psdir='${docdir}'
sbindir='${exec_prefix}/sbin'
sharedstatedir='${prefix}/com'
sysconfdir='${prefix}/etc'
target='x86_64-pc-linux-gnu'
target_alias=''
target_cpu='x86_64'
target_os='linux-gnu'
target_vendor='pc'

## ----------- ##
## confdefs.h. ##
## ----------- ##

/* confdefs.h */
#define PACKAGE_NAME ""
#define PACKAGE_TARNAME ""
#define PACKAGE_VERSION ""
#define PACKAGE_STRING ""
#define PACKAGE_BUGREPORT ""
#define PACKAGE_URL ""
#define STDC_HEADERS 1
#define HAVE_SYS_TYPES_H 1
#define HAVE_SYS_STAT_H 1
#define HAVE_STDLIB_H 1
#define HAVE_STRING_H 1
#define HAVE_MEMORY_H 1
#define HAVE_STRINGS_H 1
#define HAVE_INTTYPES_H 1
#define HAVE_STDINT_H 1
#define HAVE_UNISTD_H 1
#define HAVE_STDLIB_H 1
#define HAVE_STRING_H 1
#define HAVE_MATH_H 1
#define HAVE_LIMITS_H 1
#define _LARGEFILE_SOURCE 1
#define _FILE_OFFSET_BITS 64
#define CFITSIO_HAVE_CURL 1
#define HAVE_FTRUNCATE 1
#define HAVE_LONGLONG 1
#define HAVE_SHMEM_SERVICES 1
#define HAVE_FMEMOPEN 1
#define HAVE_NET_SERVICES 1

configure: exit 0
